Using pre-set license
Built from '2021.1/staging' branch; Version is '2021.1.7f1 (d91830b65d9b) revision 14227504'; Using compiler version '192528614'; Build Type 'Release'
OS: 'Windows 10 Home Single Language; OS build 19042.1165; Version 2009; 64bit' Language: 'en' Physical Memory: 16345 MB
BatchMode: 1, IsHumanControllingUs: 0, StartBugReporterOnCrash: 0, Is64bit: 1, IsPro: 0

 COMMAND LINE ARGUMENTS:
C:\Program Files\Unity 2021.1.7f1\Editor\Unity.exe
-adb2
-batchMode
-noUpm
-name
AssetImportWorker0
-projectPath
C:/Users/Forchiney/Desktop/MysticKnight/MysticKnight
-logFile
Logs/AssetImportWorker0.log
-srvPort
1047
Successfully changed project path to: C:/Users/Forchiney/Desktop/MysticKnight/MysticKnight
C:/Users/Forchiney/Desktop/MysticKnight/MysticKnight
Using Asset Import Pipeline V2.
Refreshing native plugins compatible for Editor in 137.30 ms, found 2 plugins.
Preloading 0 native plugins for Editor in 0.00 ms.
Initialize engine version: 2021.1.7f1 (d91830b65d9b)
[Subsystems] Discovering subsystems at path C:/Program Files/Unity 2021.1.7f1/Editor/Data/Resources/UnitySubsystems
[Subsystems] Discovering subsystems at path C:/Users/Forchiney/Desktop/MysticKnight/MysticKnight/Assets
GfxDevice: creating device client; threaded=0; jobified=0
Direct3D:
    Version:  Direct3D 11.0 [level 11.1]
    Renderer: NVIDIA GeForce GTX 980 Ti (ID=0x17c8)
    Vendor:   NVIDIA
    VRAM:     6097 MB
    Driver:   27.21.14.6589
Initialize mono
Mono path[0] = 'C:/Program Files/Unity 2021.1.7f1/Editor/Data/Managed'
Mono path[1] = 'C:/Program Files/Unity 2021.1.7f1/Editor/Data/MonoBleedingEdge/lib/mono/unityjit'
Mono config path = 'C:/Program Files/Unity 2021.1.7f1/Editor/Data/MonoBleedingEdge/etc'
Using monoOptions --debugger-agent=transport=dt_socket,embedding=1,server=y,suspend=n,address=127.0.0.1:56540
Begin MonoManager ReloadAssembly
Registering precompiled unity dll's ...
Register platform support module: C:/Program Files/Unity 2021.1.7f1/Editor/Data/PlaybackEngines/WindowsStandaloneSupport/UnityEditor.WindowsStandalone.Extensions.dll
Registered in 0.001978 seconds.
Native extension for WindowsStandalone target not found
Refreshing native plugins compatible for Editor in 128.66 ms, found 2 plugins.
Preloading 0 native plugins for Editor in 0.00 ms.
Mono: successfully reloaded assembly
- Completed reload, in  1.192 seconds
Platform modules already initialized, skipping
Registering precompiled user dll's ...
Registered in 0.003228 seconds.
Begin MonoManager ReloadAssembly
Symbol file LoadedFromMemory doesn't match image C:\Users\Forchiney\Desktop\MysticKnight\MysticKnight\Library\PackageCache\com.unity.visualscripting@1.6.1\Editor\VisualScripting.Core\Dependencies\YamlDotNet\Unity.VisualScripting.YamlDotNet.dll
Symbol file LoadedFromMemory doesn't match image C:\Users\Forchiney\Desktop\MysticKnight\MysticKnight\Library\PackageCache\com.unity.visualscripting@1.6.1\Editor\VisualScripting.Core\Dependencies\DotNetZip\Unity.VisualScripting.IonicZip.dll
Native extension for WindowsStandalone target not found
Refreshing native plugins compatible for Editor in 151.12 ms, found 2 plugins.
Preloading 0 native plugins for Editor in 0.00 ms.
Mono: successfully reloaded assembly
- Completed reload, in  1.455 seconds
Platform modules already initialized, skipping
========================================================================
Worker process is ready to serve import requests
Launched and connected shader compiler UnityShaderCompiler.exe after 0.88 seconds
Refreshing native plugins compatible for Editor in 2.94 ms, found 2 plugins.
Preloading 0 native plugins for Editor in 0.00 ms.
Unloading 3450 Unused Serialized files (Serialized files now loaded: 0)
System memory in use before: 133.0 MB.
System memory in use after: 133.2 MB.

Unloading 23 unused Assets to reduce memory usage. Loaded Objects now: 3920.
Total: 3.109200 ms (FindLiveObjects: 0.356700 ms CreateObjectMapping: 0.269400 ms MarkObjects: 2.401900 ms  DeleteObjects: 0.080000 ms)

========================================================================
Received Import Request.
  path: Assets/Packs/2D Pixel Item Pack
  artifactKey: Guid(32ff3336c29587e43bee4bbb9b5e98e4) Importer(815301076,1909f56bfc062723c751e8b465ee728b)
Start importing Assets/Packs/2D Pixel Item Pack using Guid(32ff3336c29587e43bee4bbb9b5e98e4) Importer(815301076,1909f56bfc062723c751e8b465ee728b)  -> (artifact id: 'd949ccdd357475370e5efeb11dd78f94') in 0.021500 seconds 
========================================================================
Received Import Request.
  Time since last request: 0.002688 seconds.
  path: Assets/Packs/2D Pixel Item Pack/Heavy Outline
  artifactKey: Guid(2aa009d155f61f441acb7b54f5a8fe80) Importer(815301076,1909f56bfc062723c751e8b465ee728b)
Start importing Assets/Packs/2D Pixel Item Pack/Heavy Outline using Guid(2aa009d155f61f441acb7b54f5a8fe80) Importer(815301076,1909f56bfc062723c751e8b465ee728b)  -> (artifact id: '471a48e901096ed506df4dc8739462c5') in 0.032998 seconds 
========================================================================
Received Import Request.
  Time since last request: 3.659557 seconds.
  path: Assets/Packs/Hero and Opponents/Sprites/Player
  artifactKey: Guid(75ca810d79817194d9ddcae88eb4460e) Importer(815301076,1909f56bfc062723c751e8b465ee728b)
Start importing Assets/Packs/Hero and Opponents/Sprites/Player using Guid(75ca810d79817194d9ddcae88eb4460e) Importer(815301076,1909f56bfc062723c751e8b465ee728b)  -> (artifact id: '05a6cbff6d09ddc876600eb663ce43a7') in 0.009210 seconds 
========================================================================
Received Import Request.
  Time since last request: 7.923762 seconds.
  path: Assets/Packs/Hero and Opponents/Sprites/Player/Idle
  artifactKey: Guid(99b63ef194bd8cf40bb92cb93144eb7a) Importer(815301076,1909f56bfc062723c751e8b465ee728b)
Start importing Assets/Packs/Hero and Opponents/Sprites/Player/Idle using Guid(99b63ef194bd8cf40bb92cb93144eb7a) Importer(815301076,1909f56bfc062723c751e8b465ee728b)  -> (artifact id: '65053edbca270b0d97fd93bc3ceb1487') in 0.010580 seconds 
========================================================================
Received Import Request.
  Time since last request: 0.130685 seconds.
  path: Assets/Packs/Hero and Opponents/Sprites/Player/Idle/idle-4.png
  artifactKey: Guid(9a71578d1e475394f97e3e3bc5e7ecb7) Importer(815301076,1909f56bfc062723c751e8b465ee728b)
Start importing Assets/Packs/Hero and Opponents/Sprites/Player/Idle/idle-4.png using Guid(9a71578d1e475394f97e3e3bc5e7ecb7) Importer(815301076,1909f56bfc062723c751e8b465ee728b)  -> (artifact id: 'bb1c7daa9dd1fe340a64c2cb2f639b69') in 0.259875 seconds 
========================================================================
Received Import Request.
  Time since last request: 2.492885 seconds.
  path: Assets/Packs/Hero and Opponents/Sprites/Player/Idle/Materials
  artifactKey: Guid(4106e71ed1fdd1d4ba4525d46d71b582) Importer(815301076,1909f56bfc062723c751e8b465ee728b)
Start importing Assets/Packs/Hero and Opponents/Sprites/Player/Idle/Materials using Guid(4106e71ed1fdd1d4ba4525d46d71b582) Importer(815301076,1909f56bfc062723c751e8b465ee728b)  -> (artifact id: 'e73695b919744678a11718c234b57c96') in 0.007745 seconds 
========================================================================
Received Prepare
Registering precompiled user dll's ...
Registered in 0.003067 seconds.
Begin MonoManager ReloadAssembly
Symbol file LoadedFromMemory doesn't match image C:\Users\Forchiney\Desktop\MysticKnight\MysticKnight\Library\PackageCache\com.unity.visualscripting@1.6.1\Editor\VisualScripting.Core\Dependencies\YamlDotNet\Unity.VisualScripting.YamlDotNet.dll
Symbol file LoadedFromMemory doesn't match image C:\Users\Forchiney\Desktop\MysticKnight\MysticKnight\Library\PackageCache\com.unity.visualscripting@1.6.1\Editor\VisualScripting.Core\Dependencies\DotNetZip\Unity.VisualScripting.IonicZip.dll
Native extension for WindowsStandalone target not found
Refreshing native plugins compatible for Editor in 0.93 ms, found 2 plugins.
Preloading 0 native plugins for Editor in 0.00 ms.
Mono: successfully reloaded assembly
- Completed reload, in  1.024 seconds
Platform modules already initialized, skipping
Refreshing native plugins compatible for Editor in 1.12 ms, found 2 plugins.
Preloading 0 native plugins for Editor in 0.00 ms.
Unloading 3428 Unused Serialized files (Serialized files now loaded: 0)
System memory in use before: 135.3 MB.
System memory in use after: 135.5 MB.

Unloading 11 unused Assets to reduce memory usage. Loaded Objects now: 3945.
Total: 2.854900 ms (FindLiveObjects: 0.279100 ms CreateObjectMapping: 0.206800 ms MarkObjects: 2.343600 ms  DeleteObjects: 0.024200 ms)

========================================================================
Received Import Request.
  Time since last request: 754.405297 seconds.
  path: Assets/Packs/Hero and Opponents/Sprites/Player/Attacks
  artifactKey: Guid(15a3ae6a93e4d874ba73eb714a3b267b) Importer(815301076,1909f56bfc062723c751e8b465ee728b)
Start importing Assets/Packs/Hero and Opponents/Sprites/Player/Attacks using Guid(15a3ae6a93e4d874ba73eb714a3b267b) Importer(815301076,1909f56bfc062723c751e8b465ee728b)  -> (artifact id: 'e22dd8ff4fbb57604f5bf5ae8c9c04c7') in 0.008403 seconds 
========================================================================
Received Import Request.
  Time since last request: 1.367608 seconds.
  path: Assets/Packs/Hero and Opponents/Sprites/Player/Attacks/attack-A1.png
  artifactKey: Guid(76cf71d90a92148498117007dd772ce4) Importer(815301076,1909f56bfc062723c751e8b465ee728b)
Start importing Assets/Packs/Hero and Opponents/Sprites/Player/Attacks/attack-A1.png using Guid(76cf71d90a92148498117007dd772ce4) Importer(815301076,1909f56bfc062723c751e8b465ee728b)  -> (artifact id: 'cae956b0d28866865f90fbf3ab43fa33') in 0.047526 seconds 
========================================================================
Received Import Request.
  Time since last request: 2.588678 seconds.
  path: Assets/Packs/Hero and Opponents/Sprites/Player/Attacks/attack-A2.png
  artifactKey: Guid(4aea7db55b636f44aadf7dc11d870ec8) Importer(815301076,1909f56bfc062723c751e8b465ee728b)
Start importing Assets/Packs/Hero and Opponents/Sprites/Player/Attacks/attack-A2.png using Guid(4aea7db55b636f44aadf7dc11d870ec8) Importer(815301076,1909f56bfc062723c751e8b465ee728b)  -> (artifact id: '687da27a32f2533b1eef61909aa0f7dd') in 0.020980 seconds 
========================================================================
Received Import Request.
  Time since last request: 7.220749 seconds.
  path: Assets/Packs/Hero and Opponents/Sprites/Player/Attacks/attack-A8.png
  artifactKey: Guid(844613f4618ad904bacd1693e0fe91b6) Importer(815301076,1909f56bfc062723c751e8b465ee728b)
Start importing Assets/Packs/Hero and Opponents/Sprites/Player/Attacks/attack-A8.png using Guid(844613f4618ad904bacd1693e0fe91b6) Importer(815301076,1909f56bfc062723c751e8b465ee728b)  -> (artifact id: 'cbf4d168c9cce946500bbadd608f74f5') in 0.015457 seconds 
========================================================================
Received Import Request.
  Time since last request: 4.456234 seconds.
  path: Assets/Packs/Hero and Opponents/Sprites/Player/Attacks/attack-B4.png
  artifactKey: Guid(53960355d73a97c459bd61ff181f9282) Importer(815301076,1909f56bfc062723c751e8b465ee728b)
Start importing Assets/Packs/Hero and Opponents/Sprites/Player/Attacks/attack-B4.png using Guid(53960355d73a97c459bd61ff181f9282) Importer(815301076,1909f56bfc062723c751e8b465ee728b)  -> (artifact id: 'e0a5aca2ac63aea25ddc89c8ed6d20f1') in 0.015344 seconds 
========================================================================
Received Prepare
Registering precompiled user dll's ...
Registered in 0.005054 seconds.
Begin MonoManager ReloadAssembly
Symbol file LoadedFromMemory doesn't match image C:\Users\Forchiney\Desktop\MysticKnight\MysticKnight\Library\PackageCache\com.unity.visualscripting@1.6.1\Editor\VisualScripting.Core\Dependencies\YamlDotNet\Unity.VisualScripting.YamlDotNet.dll
Symbol file LoadedFromMemory doesn't match image C:\Users\Forchiney\Desktop\MysticKnight\MysticKnight\Library\PackageCache\com.unity.visualscripting@1.6.1\Editor\VisualScripting.Core\Dependencies\DotNetZip\Unity.VisualScripting.IonicZip.dll
Native extension for WindowsStandalone target not found
Refreshing native plugins compatible for Editor in 1.31 ms, found 2 plugins.
Preloading 0 native plugins for Editor in 0.00 ms.
Mono: successfully reloaded assembly
- Completed reload, in  1.522 seconds
Platform modules already initialized, skipping
Refreshing native plugins compatible for Editor in 1.90 ms, found 2 plugins.
Preloading 0 native plugins for Editor in 0.00 ms.
Unloading 3431 Unused Serialized files (Serialized files now loaded: 0)
System memory in use before: 137.2 MB.
System memory in use after: 137.5 MB.

Unloading 11 unused Assets to reduce memory usage. Loaded Objects now: 4010.
Total: 4.015600 ms (FindLiveObjects: 0.358800 ms CreateObjectMapping: 0.307300 ms MarkObjects: 3.324300 ms  DeleteObjects: 0.024100 ms)

========================================================================
Received Prepare
Registering precompiled user dll's ...
Registered in 0.002931 seconds.
Begin MonoManager ReloadAssembly
Symbol file LoadedFromMemory doesn't match image C:\Users\Forchiney\Desktop\MysticKnight\MysticKnight\Library\PackageCache\com.unity.visualscripting@1.6.1\Editor\VisualScripting.Core\Dependencies\YamlDotNet\Unity.VisualScripting.YamlDotNet.dll
Symbol file LoadedFromMemory doesn't match image C:\Users\Forchiney\Desktop\MysticKnight\MysticKnight\Library\PackageCache\com.unity.visualscripting@1.6.1\Editor\VisualScripting.Core\Dependencies\DotNetZip\Unity.VisualScripting.IonicZip.dll
Native extension for WindowsStandalone target not found
Refreshing native plugins compatible for Editor in 0.93 ms, found 2 plugins.
Preloading 0 native plugins for Editor in 0.00 ms.
Mono: successfully reloaded assembly
- Completed reload, in  0.967 seconds
Platform modules already initialized, skipping
Refreshing native plugins compatible for Editor in 1.25 ms, found 2 plugins.
Preloading 0 native plugins for Editor in 0.00 ms.
Unloading 3427 Unused Serialized files (Serialized files now loaded: 0)
System memory in use before: 137.1 MB.
System memory in use after: 137.4 MB.

Unloading 11 unused Assets to reduce memory usage. Loaded Objects now: 4014.
Total: 2.229800 ms (FindLiveObjects: 0.277300 ms CreateObjectMapping: 0.169700 ms MarkObjects: 1.763800 ms  DeleteObjects: 0.018000 ms)

========================================================================
Received Import Request.
  Time since last request: 955.802385 seconds.
  path: Assets/Packs/Hero and Opponents/Sprites/Enemy4
  artifactKey: Guid(36cba78085e87984f81e2d270cf7a236) Importer(815301076,1909f56bfc062723c751e8b465ee728b)
Start importing Assets/Packs/Hero and Opponents/Sprites/Enemy4 using Guid(36cba78085e87984f81e2d270cf7a236) Importer(815301076,1909f56bfc062723c751e8b465ee728b)  -> (artifact id: 'bea832797aa6e68aaa922c5d51b58ab4') in 0.017314 seconds 
========================================================================
Received Import Request.
  Time since last request: 1.290117 seconds.
  path: Assets/Packs/Hero and Opponents/Sprites/Enemy2
  artifactKey: Guid(413fb0bb202afac40a8dfa7703779961) Importer(815301076,1909f56bfc062723c751e8b465ee728b)
Start importing Assets/Packs/Hero and Opponents/Sprites/Enemy2 using Guid(413fb0bb202afac40a8dfa7703779961) Importer(815301076,1909f56bfc062723c751e8b465ee728b)  -> (artifact id: '25f6067ff8a82cbf9ea17c74992dcd92') in 0.009332 seconds 
========================================================================
Received Import Request.
  Time since last request: 4.134965 seconds.
  path: Assets/Packs/Hero and Opponents/Sprites/Enemy2/attack-A2.png
  artifactKey: Guid(e76ba54d0ba86fa40a3e016e7fdccb41) Importer(815301076,1909f56bfc062723c751e8b465ee728b)
Start importing Assets/Packs/Hero and Opponents/Sprites/Enemy2/attack-A2.png using Guid(e76ba54d0ba86fa40a3e016e7fdccb41) Importer(815301076,1909f56bfc062723c751e8b465ee728b)  -> (artifact id: '3dcd55d6bbdcf66e6660b0a40f45083f') in 0.073332 seconds 
========================================================================
Received Import Request.
  Time since last request: 32.388510 seconds.
  path: Assets/Packs/Hero and Opponents/Sprites/Enemy2/attack-A3.png
  artifactKey: Guid(566b749bd6907dc45a210b5626831a41) Importer(815301076,1909f56bfc062723c751e8b465ee728b)
Start importing Assets/Packs/Hero and Opponents/Sprites/Enemy2/attack-A3.png using Guid(566b749bd6907dc45a210b5626831a41) Importer(815301076,1909f56bfc062723c751e8b465ee728b)  -> (artifact id: 'c46adc9aedd45711fa0fb6953b76ca3e') in 0.027394 seconds 
========================================================================
Received Import Request.
  Time since last request: 6.321162 seconds.
  path: Assets/Packs/Hero and Opponents/Sprites/Enemy3
  artifactKey: Guid(f7bd740c50633dc43a906bf2fc5e8c27) Importer(815301076,1909f56bfc062723c751e8b465ee728b)
Start importing Assets/Packs/Hero and Opponents/Sprites/Enemy3 using Guid(f7bd740c50633dc43a906bf2fc5e8c27) Importer(815301076,1909f56bfc062723c751e8b465ee728b)  -> (artifact id: 'f5c1487119a21c03b494d666b9868f20') in 0.010241 seconds 
========================================================================
Received Import Request.
  Time since last request: 1.300837 seconds.
  path: Assets/Packs/Hero and Opponents/Sprites/Enemy3/attack-A3.png
  artifactKey: Guid(eb383fd646f7a614381e41b9bf4729dd) Importer(815301076,1909f56bfc062723c751e8b465ee728b)
Start importing Assets/Packs/Hero and Opponents/Sprites/Enemy3/attack-A3.png using Guid(eb383fd646f7a614381e41b9bf4729dd) Importer(815301076,1909f56bfc062723c751e8b465ee728b)  -> (artifact id: '338ae35f0e46c4fd34c59983d04c5361') in 0.013888 seconds 
========================================================================
Received Import Request.
  Time since last request: 3.565722 seconds.
  path: Assets/Packs/Hero and Opponents/Sprites/Enemy3/attack-B2.png
  artifactKey: Guid(d90a94ffed832704780470e66307fa71) Importer(815301076,1909f56bfc062723c751e8b465ee728b)
Start importing Assets/Packs/Hero and Opponents/Sprites/Enemy3/attack-B2.png using Guid(d90a94ffed832704780470e66307fa71) Importer(815301076,1909f56bfc062723c751e8b465ee728b)  -> (artifact id: '24baa5fccf7ce8fc16da836ad651c9b7') in 0.027263 seconds 
========================================================================
Received Import Request.
  Time since last request: 143.903130 seconds.
  path: Assets/Packs/Hero and Opponents/Sprites/Enemy5
  artifactKey: Guid(98cdd2ae08e14f34597905a9b9de7d59) Importer(815301076,1909f56bfc062723c751e8b465ee728b)
Start importing Assets/Packs/Hero and Opponents/Sprites/Enemy5 using Guid(98cdd2ae08e14f34597905a9b9de7d59) Importer(815301076,1909f56bfc062723c751e8b465ee728b)  -> (artifact id: '995d168a4f14e7303ec044b4dfbafc90') in 0.013267 seconds 
========================================================================
Received Import Request.
  Time since last request: 1.184687 seconds.
  path: Assets/Packs/Hero and Opponents/Sprites/Enemy5/attack-A5.png
  artifactKey: Guid(ad356ffa6d5fb044faa7b7a6441a601b) Importer(815301076,1909f56bfc062723c751e8b465ee728b)
Start importing Assets/Packs/Hero and Opponents/Sprites/Enemy5/attack-A5.png using Guid(ad356ffa6d5fb044faa7b7a6441a601b) Importer(815301076,1909f56bfc062723c751e8b465ee728b)  -> (artifact id: '4ccca1e14cdfa751cf254c9d4d752ad5') in 0.032064 seconds 
========================================================================
Received Import Request.
  Time since last request: 6.165850 seconds.
  path: Assets/Packs/Hero and Opponents/Sprites/Enemy1/attack-A4.png
  artifactKey: Guid(081ea5419f586434d92e4211d21b7278) Importer(815301076,1909f56bfc062723c751e8b465ee728b)
Start importing Assets/Packs/Hero and Opponents/Sprites/Enemy1/attack-A4.png using Guid(081ea5419f586434d92e4211d21b7278) Importer(815301076,1909f56bfc062723c751e8b465ee728b)  -> (artifact id: 'a87b755297f45f1d4640ad9f0bef848e') in 0.031164 seconds 
========================================================================
Received Import Request.
  Time since last request: 4.288548 seconds.
  path: Assets/Packs/Hero and Opponents/Sprites/Enemy1/attack-B1.png
  artifactKey: Guid(92c0b5bf591389a4e8beabc3a0cef886) Importer(815301076,1909f56bfc062723c751e8b465ee728b)
Start importing Assets/Packs/Hero and Opponents/Sprites/Enemy1/attack-B1.png using Guid(92c0b5bf591389a4e8beabc3a0cef886) Importer(815301076,1909f56bfc062723c751e8b465ee728b)  -> (artifact id: '1b1ce4a1885db6fc8b292e7d6460706c') in 0.030807 seconds 
========================================================================
Received Import Request.
  Time since last request: 336.254997 seconds.
  path: Assets/Animations/Objects/Pickups/diamond.anim
  artifactKey: Guid(9dea9e25867b90c46830f19824b16df1) Importer(815301076,1909f56bfc062723c751e8b465ee728b)
Start importing Assets/Animations/Objects/Pickups/diamond.anim using Guid(9dea9e25867b90c46830f19824b16df1) Importer(815301076,1909f56bfc062723c751e8b465ee728b)  -> (artifact id: 'e382a700fece5b7b211d6e1ea20cc450') in 0.007268 seconds 
========================================================================
Received Import Request.
  Time since last request: 19.096630 seconds.
  path: Assets/Packs/FullTiltBoogie/Materials/Textures
  artifactKey: Guid(013f9bf5cac8441b9bab525671642d72) Importer(815301076,1909f56bfc062723c751e8b465ee728b)
Start importing Assets/Packs/FullTiltBoogie/Materials/Textures using Guid(013f9bf5cac8441b9bab525671642d72) Importer(815301076,1909f56bfc062723c751e8b465ee728b)  -> (artifact id: '4c431815aff89f9eb6976785efbfceef') in 0.009478 seconds 
========================================================================
Received Prepare
Registering precompiled user dll's ...
Registered in 0.003200 seconds.
Begin MonoManager ReloadAssembly
Symbol file LoadedFromMemory doesn't match image C:\Users\Forchiney\Desktop\MysticKnight\MysticKnight\Library\PackageCache\com.unity.visualscripting@1.6.1\Editor\VisualScripting.Core\Dependencies\YamlDotNet\Unity.VisualScripting.YamlDotNet.dll
Symbol file LoadedFromMemory doesn't match image C:\Users\Forchiney\Desktop\MysticKnight\MysticKnight\Library\PackageCache\com.unity.visualscripting@1.6.1\Editor\VisualScripting.Core\Dependencies\DotNetZip\Unity.VisualScripting.IonicZip.dll
Native extension for WindowsStandalone target not found
Refreshing native plugins compatible for Editor in 0.94 ms, found 2 plugins.
Preloading 0 native plugins for Editor in 0.00 ms.
Mono: successfully reloaded assembly
- Completed reload, in  0.911 seconds
Platform modules already initialized, skipping
Refreshing native plugins compatible for Editor in 1.06 ms, found 2 plugins.
Preloading 0 native plugins for Editor in 0.00 ms.
Unloading 3434 Unused Serialized files (Serialized files now loaded: 0)
System memory in use before: 140.8 MB.
System memory in use after: 141.1 MB.

Unloading 11 unused Assets to reduce memory usage. Loaded Objects now: 4124.
Total: 2.424100 ms (FindLiveObjects: 0.274500 ms CreateObjectMapping: 0.188800 ms MarkObjects: 1.938900 ms  DeleteObjects: 0.020800 ms)

========================================================================
Received Import Request.
  Time since last request: 116.216845 seconds.
  path: Assets/Packs/2D Pixel Item Pack/No Outline
  artifactKey: Guid(d3ca89ea1d6354a4eafecf247205e38a) Importer(815301076,1909f56bfc062723c751e8b465ee728b)
Start importing Assets/Packs/2D Pixel Item Pack/No Outline using Guid(d3ca89ea1d6354a4eafecf247205e38a) Importer(815301076,1909f56bfc062723c751e8b465ee728b)  -> (artifact id: '52abac02c3b30e5ea36a4a74d6ea9bdc') in 0.007155 seconds 
========================================================================
Received Import Request.
  Time since last request: 23.470108 seconds.
  path: Assets/Packs/48 Particle Effect Pack/Texture
  artifactKey: Guid(af722a747c17d11428cadd765ea86a31) Importer(815301076,1909f56bfc062723c751e8b465ee728b)
Start importing Assets/Packs/48 Particle Effect Pack/Texture using Guid(af722a747c17d11428cadd765ea86a31) Importer(815301076,1909f56bfc062723c751e8b465ee728b)  -> (artifact id: '9aa3de4a9bd7fce461251912615ac059') in 0.009701 seconds 
========================================================================
Received Prepare
Registering precompiled user dll's ...
Registered in 0.003050 seconds.
Begin MonoManager ReloadAssembly
Symbol file LoadedFromMemory doesn't match image C:\Users\Forchiney\Desktop\MysticKnight\MysticKnight\Library\PackageCache\com.unity.visualscripting@1.6.1\Editor\VisualScripting.Core\Dependencies\YamlDotNet\Unity.VisualScripting.YamlDotNet.dll
Symbol file LoadedFromMemory doesn't match image C:\Users\Forchiney\Desktop\MysticKnight\MysticKnight\Library\PackageCache\com.unity.visualscripting@1.6.1\Editor\VisualScripting.Core\Dependencies\DotNetZip\Unity.VisualScripting.IonicZip.dll
Native extension for WindowsStandalone target not found
Refreshing native plugins compatible for Editor in 0.97 ms, found 2 plugins.
Preloading 0 native plugins for Editor in 0.00 ms.
Mono: successfully reloaded assembly
- Completed reload, in  1.183 seconds
Platform modules already initialized, skipping
Refreshing native plugins compatible for Editor in 0.96 ms, found 2 plugins.
Preloading 0 native plugins for Editor in 0.00 ms.
Unloading 3427 Unused Serialized files (Serialized files now loaded: 0)
System memory in use before: 140.5 MB.
System memory in use after: 140.8 MB.

Unloading 11 unused Assets to reduce memory usage. Loaded Objects now: 4128.
Total: 2.301300 ms (FindLiveObjects: 0.262400 ms CreateObjectMapping: 0.170200 ms MarkObjects: 1.853400 ms  DeleteObjects: 0.014500 ms)

========================================================================
Received Import Request.
  Time since last request: 21.223439 seconds.
  path: Assets/Packs/PlatformerSet1/Animated
  artifactKey: Guid(1e88c0f0f91594e43804383a2104812c) Importer(815301076,1909f56bfc062723c751e8b465ee728b)
Start importing Assets/Packs/PlatformerSet1/Animated using Guid(1e88c0f0f91594e43804383a2104812c) Importer(815301076,1909f56bfc062723c751e8b465ee728b)  -> (artifact id: '38b8ed67760b67040c848b4c11f7cf66') in 0.007821 seconds 
========================================================================
Received Import Request.
  Time since last request: 2.613539 seconds.
  path: Assets/Packs/PlatformerSet1/Animated/diamond-01.png
  artifactKey: Guid(9d732a7b9fd6d9c4dbe734145134f44d) Importer(815301076,1909f56bfc062723c751e8b465ee728b)
Start importing Assets/Packs/PlatformerSet1/Animated/diamond-01.png using Guid(9d732a7b9fd6d9c4dbe734145134f44d) Importer(815301076,1909f56bfc062723c751e8b465ee728b)  -> (artifact id: '52a8dbf46677416de60a4036233e8f64') in 0.076356 seconds 
========================================================================
Received Prepare
Registering precompiled user dll's ...
Registered in 0.003017 seconds.
Begin MonoManager ReloadAssembly
Symbol file LoadedFromMemory doesn't match image C:\Users\Forchiney\Desktop\MysticKnight\MysticKnight\Library\PackageCache\com.unity.visualscripting@1.6.1\Editor\VisualScripting.Core\Dependencies\YamlDotNet\Unity.VisualScripting.YamlDotNet.dll
Symbol file LoadedFromMemory doesn't match image C:\Users\Forchiney\Desktop\MysticKnight\MysticKnight\Library\PackageCache\com.unity.visualscripting@1.6.1\Editor\VisualScripting.Core\Dependencies\DotNetZip\Unity.VisualScripting.IonicZip.dll
Native extension for WindowsStandalone target not found
Refreshing native plugins compatible for Editor in 0.92 ms, found 2 plugins.
Preloading 0 native plugins for Editor in 0.00 ms.
Mono: successfully reloaded assembly
- Completed reload, in  0.879 seconds
Platform modules already initialized, skipping
Refreshing native plugins compatible for Editor in 0.93 ms, found 2 plugins.
Preloading 0 native plugins for Editor in 0.00 ms.
Unloading 3428 Unused Serialized files (Serialized files now loaded: 0)
System memory in use before: 141.0 MB.
System memory in use after: 141.3 MB.

Unloading 11 unused Assets to reduce memory usage. Loaded Objects now: 4150.
Total: 2.254100 ms (FindLiveObjects: 0.262100 ms CreateObjectMapping: 0.171000 ms MarkObjects: 1.805400 ms  DeleteObjects: 0.014500 ms)

========================================================================
Received Import Request.
  Time since last request: 4993.447158 seconds.
  path: Assets/Packs/Hero and Opponents/Sprites/Player/Attacks/attack-A6.png
  artifactKey: Guid(db6bffa6e9e284f459f306157a1f90cc) Importer(815301076,1909f56bfc062723c751e8b465ee728b)
Start importing Assets/Packs/Hero and Opponents/Sprites/Player/Attacks/attack-A6.png using Guid(db6bffa6e9e284f459f306157a1f90cc) Importer(815301076,1909f56bfc062723c751e8b465ee728b)  -> (artifact id: '10d6e6f0264969770a6d6f5db5a3c38c') in 0.061560 seconds 
========================================================================
Received Import Request.
  Time since last request: 198.291529 seconds.
  path: Assets/Packs/Hero and Opponents/Sprites/Player/Jump/jump-3.png
  artifactKey: Guid(792365c5282439949b585c4c528b7aa7) Importer(815301076,1909f56bfc062723c751e8b465ee728b)
Start importing Assets/Packs/Hero and Opponents/Sprites/Player/Jump/jump-3.png using Guid(792365c5282439949b585c4c528b7aa7) Importer(815301076,1909f56bfc062723c751e8b465ee728b)  -> (artifact id: 'aa667674c72f563e5ea78cabc0e71dc8') in 0.014729 seconds 
========================================================================
Received Prepare
Registering precompiled user dll's ...
Registered in 0.002947 seconds.
Begin MonoManager ReloadAssembly
Symbol file LoadedFromMemory doesn't match image C:\Users\Forchiney\Desktop\MysticKnight\MysticKnight\Library\PackageCache\com.unity.visualscripting@1.6.1\Editor\VisualScripting.Core\Dependencies\YamlDotNet\Unity.VisualScripting.YamlDotNet.dll
Symbol file LoadedFromMemory doesn't match image C:\Users\Forchiney\Desktop\MysticKnight\MysticKnight\Library\PackageCache\com.unity.visualscripting@1.6.1\Editor\VisualScripting.Core\Dependencies\DotNetZip\Unity.VisualScripting.IonicZip.dll
Native extension for WindowsStandalone target not found
Refreshing native plugins compatible for Editor in 1.03 ms, found 2 plugins.
Preloading 0 native plugins for Editor in 0.00 ms.
Mono: successfully reloaded assembly
- Completed reload, in  0.987 seconds
Platform modules already initialized, skipping
Refreshing native plugins compatible for Editor in 0.94 ms, found 2 plugins.
Preloading 0 native plugins for Editor in 0.00 ms.
Unloading 3429 Unused Serialized files (Serialized files now loaded: 0)
System memory in use before: 141.9 MB.
System memory in use after: 142.1 MB.

Unloading 11 unused Assets to reduce memory usage. Loaded Objects now: 4185.
Total: 2.283800 ms (FindLiveObjects: 0.267800 ms CreateObjectMapping: 0.180700 ms MarkObjects: 1.820300 ms  DeleteObjects: 0.014000 ms)

========================================================================
Received Prepare
Registering precompiled user dll's ...
Registered in 0.003215 seconds.
Begin MonoManager ReloadAssembly
Symbol file LoadedFromMemory doesn't match image C:\Users\Forchiney\Desktop\MysticKnight\MysticKnight\Library\PackageCache\com.unity.visualscripting@1.6.1\Editor\VisualScripting.Core\Dependencies\YamlDotNet\Unity.VisualScripting.YamlDotNet.dll
Symbol file LoadedFromMemory doesn't match image C:\Users\Forchiney\Desktop\MysticKnight\MysticKnight\Library\PackageCache\com.unity.visualscripting@1.6.1\Editor\VisualScripting.Core\Dependencies\DotNetZip\Unity.VisualScripting.IonicZip.dll
Native extension for WindowsStandalone target not found
Refreshing native plugins compatible for Editor in 0.92 ms, found 2 plugins.
Preloading 0 native plugins for Editor in 0.00 ms.
Mono: successfully reloaded assembly
- Completed reload, in  1.055 seconds
Platform modules already initialized, skipping
Refreshing native plugins compatible for Editor in 0.94 ms, found 2 plugins.
Preloading 0 native plugins for Editor in 0.00 ms.
Unloading 3427 Unused Serialized files (Serialized files now loaded: 0)
System memory in use before: 141.8 MB.
System memory in use after: 142.0 MB.

Unloading 11 unused Assets to reduce memory usage. Loaded Objects now: 4189.
Total: 2.219100 ms (FindLiveObjects: 0.267700 ms CreateObjectMapping: 0.180100 ms MarkObjects: 1.756900 ms  DeleteObjects: 0.013400 ms)

========================================================================
Received Prepare
Refreshing native plugins compatible for Editor in 2.99 ms, found 2 plugins.
Preloading 0 native plugins for Editor in 0.00 ms.
Unloading 9 Unused Serialized files (Serialized files now loaded: 0)
System memory in use before: 74.1 MB.
System memory in use after: 74.4 MB.

Unloading 9 unused Assets to reduce memory usage. Loaded Objects now: 4189.
Total: 2.293700 ms (FindLiveObjects: 0.256300 ms CreateObjectMapping: 0.192800 ms MarkObjects: 1.832100 ms  DeleteObjects: 0.011700 ms)

AssetImportWorkerClient::OnTransportError - code=2 error=End of file
